<?xml version="1.0" encoding="UTF-8"?>
<testsuite name="com.dmallcott.auditor.lib.AuditorImplTest" tests="2" skipped="0" failures="0" errors="0" timestamp="2020-04-26T10:54:43" hostname="C02S30HTG8WQ" time="2.116">
  <properties/>
  <testcase name="When logging item update is called when it exists$auditor()" classname="com.dmallcott.auditor.lib.AuditorImplTest" time="2.1"/>
  <testcase name="When logging item create is called when it's new$auditor()" classname="com.dmallcott.auditor.lib.AuditorImplTest" time="0.014"/>
  <system-out><![CDATA[11:54:43.479 [Test worker] DEBUG io.mockk.impl.instantiation.AbstractMockFactory - Creating mockk for Parser name=#1
11:54:43.895 [Test worker] DEBUG io.mockk.impl.instantiation.AbstractMockFactory - Creating mockk for Repository name=#2
11:54:45.510 [Test worker] DEBUG io.mockk.impl.instantiation.AbstractMockFactory - Creating mockk for AuditLog name=child of #2#3
11:54:45.614 [Test worker] DEBUG io.mockk.impl.instantiation.AbstractMockFactory - Creating mockk for JsonPatch name=child of #1#4
11:54:46.036 [Test worker] DEBUG io.mockk.impl.recording.states.AnsweringStillAcceptingAnswersState - Answering AuditLog(logId=e579c223-3239-47fd-9cfc-638c73b3d5bb, latestVersion=Quote(id=QuoteId(id=e579c223-3239-47fd-9cfc-638c73b3d5bb), amount=0.3847980762688089, source=CAD, target=USD), changelog=[]) on Repository(#2).find(QuoteId(id=e579c223-3239-47fd-9cfc-638c73b3d5bb), class com.dmallcott.auditor.Quote)
11:54:46.037 [Test worker] DEBUG io.mockk.impl.recording.states.AnsweringState - Answering [op: replace; path: "/amount"; value: 10.384798076268808] on Parser(#1).differences(Quote(id=QuoteId(id=e579c223-3239-47fd-9cfc-638c73b3d5bb), amount=0.3847980762688089, source=CAD, target=USD), Quote(id=QuoteId(id=e579c223-3239-47fd-9cfc-638c73b3d5bb), amount=10.384798076268808, source=CAD, target=USD))
11:54:46.038 [Test worker] DEBUG io.mockk.impl.recording.states.AnsweringState - Answering true on Repository(#2).update(QuoteId(id=e579c223-3239-47fd-9cfc-638c73b3d5bb), AuditLog(logId=e579c223-3239-47fd-9cfc-638c73b3d5bb, latestVersion=Quote(id=QuoteId(id=e579c223-3239-47fd-9cfc-638c73b3d5bb), amount=10.384798076268808, source=CAD, target=USD), changelog=[[op: replace; path: "/amount"; value: 10.384798076268808]]), class com.dmallcott.auditor.Quote)
11:54:46.067 [Test worker] DEBUG io.mockk.impl.instantiation.AbstractMockFactory - Creating mockk for Parser name=#5
11:54:46.067 [Test worker] DEBUG io.mockk.impl.instantiation.AbstractMockFactory - Creating mockk for Repository name=#6
11:54:46.072 [Test worker] DEBUG io.mockk.impl.instantiation.AbstractMockFactory - Creating mockk for AuditLog name=child of #6#7
11:54:46.076 [Test worker] DEBUG io.mockk.impl.recording.states.AnsweringStillAcceptingAnswersState - Answering null on Repository(#6).find(QuoteId(id=ce82a8b7-91ca-47a2-ae23-52169c74b3b0), class com.dmallcott.auditor.Quote)
11:54:46.077 [Test worker] DEBUG io.mockk.impl.recording.states.AnsweringState - Answering true on Repository(#6).create(QuoteId(id=ce82a8b7-91ca-47a2-ae23-52169c74b3b0), Quote(id=QuoteId(id=ce82a8b7-91ca-47a2-ae23-52169c74b3b0), amount=0.1452692290819686, source=USD, target=NZD), class com.dmallcott.auditor.Quote)
]]></system-out>
  <system-err><![CDATA[]]></system-err>
</testsuite>
