<?xml version="1.0" encoding="UTF-8"?>
<testsuite name="com.dmallcott.auditor.lib.AuditorImplTest" tests="1" skipped="0" failures="0" errors="0" timestamp="2020-04-17T16:42:44" hostname="MBP15-30HTG8WQ" time="0.926">
  <properties/>
  <testcase name="dasdasdas$auditor()" classname="com.dmallcott.auditor.lib.AuditorImplTest" time="0.926"/>
  <system-out><![CDATA[17:42:43.757 [Test worker] DEBUG io.mockk.impl.instantiation.AbstractMockFactory - Creating mockk for Parser name=#1
17:42:44.081 [Test worker] DEBUG io.mockk.impl.instantiation.AbstractMockFactory - Creating mockk for Repository name=#2
17:42:45.038 [Test worker] DEBUG io.mockk.impl.instantiation.AbstractMockFactory - Creating mockk for AuditLog name=child of #2#3
17:42:45.055 [Test worker] DEBUG io.mockk.impl.recording.states.AnsweringStillAcceptingAnswersState - Answering null on Repository(#2).find2(QuoteId(id=e0653ad5-bde0-4732-9893-85138af961b7), class com.dmallcott.auditor.Quote)
17:42:45.056 [Test worker] DEBUG io.mockk.impl.recording.states.AnsweringState - Answering true on Repository(#2).create2(QuoteId(id=e0653ad5-bde0-4732-9893-85138af961b7), Quote(id=QuoteId(id=e0653ad5-bde0-4732-9893-85138af961b7), amount=0.8051899682528393, source=NZD, target=GBP), class com.dmallcott.auditor.Quote)
]]></system-out>
  <system-err><![CDATA[]]></system-err>
</testsuite>
