<?xml version="1.0" encoding="UTF-8"?>
<testsuite name="com.dmallcott.auditor.lib.ParserTest" tests="2" skipped="0" failures="0" errors="0" timestamp="2020-04-26T10:54:46" hostname="C02S30HTG8WQ" time="0.322">
  <properties/>
  <testcase name="Given latest and patches, changelog returns all previous versions with the last being original$auditor()" classname="com.dmallcott.auditor.lib.ParserTest" time="0.242"/>
  <testcase name="Applying patch to original json returns new json$auditor()" classname="com.dmallcott.auditor.lib.ParserTest" time="0.078"/>
  <system-out><![CDATA[]]></system-out>
  <system-err><![CDATA[]]></system-err>
</testsuite>
